
> react-kavia@0.1.0 start
> cross-env EDIT_MODE=true webpack serve --config .ve/webpack.config.js --mode development

<i> [webpack-dev-server] Project is running at:
<i> [webpack-dev-server] Loopback: http://localhost:3000/, http://[::1]:3000/
<i> [webpack-dev-server] On Your Network (IPv4): http://172.17.0.2:3000/
<i> [webpack-dev-server] Content not from webpack is served from './public' directory
Injecting EditorRootWrapper import: ../.ve/EditorRootWrapper
asset bundle.js 1.63 MiB [emitted] (name: main)
asset index.html 1.92 KiB [emitted]
runtime modules 27.5 KiB 14 modules
cacheable modules 1.45 MiB
  modules by path ./node_modules/ 1.24 MiB 31 modules
  modules by path ./src/ 205 KiB
    modules by path ./src/*.js 197 KiB 15 modules
    modules by path ./src/*.css 8.07 KiB
      ./src/index.css 2.23 KiB [built] [code generated]
      + 3 modules
  modules by path ./.ve/ 15.1 KiB
    modules by path ./.ve/*.js 10.6 KiB 2 modules
    modules by path ./.ve/*.css 2.93 KiB
      ./.ve/EditorOverlay.css 2.25 KiB [built] [code generated]
      ./node_modules/css-loader/dist/cjs.js!./.ve/EditorOverlay.css 697 bytes [built] [code generated]
    ./.ve/EditorOverlay.jsx 1.58 KiB [built] [code generated]
webpack 5.99.9 compiled successfully in 2033 ms
assets by status 1.92 KiB [cached] 1 asset
assets by path *.js 1.67 MiB
  asset bundle.js 1.64 MiB [emitted] (name: main)
  asset main.5eb2683486d5a19074b0.hot-update.js 40.6 KiB [emitted] [immutable] [hmr] (name: main)
asset main.5eb2683486d5a19074b0.hot-update.json 28 bytes [emitted] [immutable] [hmr]
Entrypoint main 1.67 MiB = bundle.js 1.64 MiB main.5eb2683486d5a19074b0.hot-update.js 40.6 KiB
cached modules 1.43 MiB [cached] 54 modules
runtime modules 27.5 KiB 14 modules
./src/App.js 29.6 KiB [built] [code generated]
webpack 5.99.9 compiled successfully in 242 ms
